c:\users\ibnu ali\documents\visual studio 2015\projects\opencv\opencv\x64\debug\vc140.pdb
c:\users\ibnu ali\documents\visual studio 2015\projects\opencv\opencv\x64\debug\source.obj
c:\users\ibnu ali\documents\visual studio 2015\projects\opencv\opencv\x64\debug\.netframework,version=v4.5.2.assemblyattributes.obj
c:\users\ibnu ali\documents\visual studio 2015\projects\opencv\opencv\x64\debug\.netframework,version=v4.5.2.assemblyattributes.asm
c:\users\ibnu ali\documents\visual studio 2015\projects\opencv\opencv\x64\debug\myform.obj
c:\users\ibnu ali\documents\appopencv\opencv\x64\debug\vc140.pdb
c:\users\ibnu ali\documents\appopencv\opencv\x64\debug\source.obj
c:\users\ibnu ali\documents\appopencv\opencv\x64\debug\myform.obj
c:\users\ibnu ali\documents\visual studio 2015\projects\appopencv\opencv\x64\debug\vc140.pdb
c:\users\ibnu ali\documents\visual studio 2015\projects\appopencv\opencv\x64\debug\source.obj
c:\users\ibnu ali\documents\visual studio 2015\projects\opencv\x64\debug\opencv.exe
c:\users\ibnu ali\documents\visual studio 2015\projects\opencv\x64\debug\opencv.pdb
c:\users\ibnu ali\documents\appopencv\x64\debug\opencv.exe
c:\users\ibnu ali\documents\appopencv\x64\debug\opencv.pdb
c:\users\ibnu ali\documents\visual studio 2015\projects\appopencv\x64\debug\opencv.exe
c:\users\ibnu ali\documents\visual studio 2015\projects\appopencv\x64\debug\opencv.pdb
c:\users\ibnu ali\documents\visual studio 2015\projects\opencv\opencv\x64\debug\opencv.myform.resources
c:\users\ibnu ali\documents\appopencv\opencv\x64\debug\opencv.myform.resources
c:\users\ibnu ali\documents\visual studio 2015\projects\appopencv\opencv\x64\debug\opencv.myform.resources
c:\users\ibnu ali\documents\visual studio 2015\projects\appopencv\opencv\x64\debug\opencv.vcxproj.generateresource.cache
c:\users\ibnu ali\documents\visual studio 2015\projects\appopencv\opencv\x64\debug\opencv.vcxprojresolveassemblyreference.cache
c:\users\ibnu ali\documents\visual studio 2015\projects\appopencv\opencv\x64\debug\.netframework,version=v4.5.2.assemblyattributes.obj
c:\users\ibnu ali\documents\visual studio 2015\projects\appopencv\opencv\x64\debug\opencv.tlog\cl.command.1.tlog
c:\users\ibnu ali\documents\visual studio 2015\projects\appopencv\opencv\x64\debug\opencv.tlog\cl.read.1.tlog
c:\users\ibnu ali\documents\visual studio 2015\projects\appopencv\opencv\x64\debug\opencv.tlog\cl.write.1.tlog
c:\users\ibnu ali\documents\visual studio 2015\projects\appopencv\opencv\x64\debug\opencv.tlog\link.command.1.tlog
c:\users\ibnu ali\documents\visual studio 2015\projects\appopencv\opencv\x64\debug\opencv.tlog\link.read.1.tlog
c:\users\ibnu ali\documents\visual studio 2015\projects\appopencv\opencv\x64\debug\opencv.tlog\link.write.1.tlog
c:\users\ibnu ali\documents\visual studio 2015\projects\appopencv\opencv\x64\debug\opencv.tlog\metagen.read.1.tlog
c:\users\ibnu ali\documents\visual studio 2015\projects\appopencv\opencv\x64\debug\opencv.tlog\metagen.write.1.tlog
c:\users\ibnu ali\documents\visual studio 2015\projects\appopencv\opencv\x64\debug\opencv.tlog\opencv.write.1u.tlog
c:\users\ibnu ali\documents\visual studio 2015\projects\appopencv\opencv\x64\debug\opencv.tlog\tzres.dll.bi
